Build started 12-11-2015 15:18:07.
     1>Project "C:\Users\Pinak\Documents\Visual Studio 2013\Projects\DIC\DIC\DIC.vcxproj" on node 2 (Build target(s)).
     1>ClCompile:
         C:\Program Files (x86)\Microsoft Visual Studio 12.0\VC\bin\CL.exe /c /ZI /nologo /W3 /WX- /sdl /Od /Oy- /D _CRT_SECURE_NO_WARNINGS /D _MBCS /Gm /EHsc /RTC1 /MDd /GS /fp:precise /Zc:wchar_t /Zc:forScope /Fo"Debug\\" /Fd"Debug\vc120.pdb" /Gd /TC /analyze- /errorReport:prompt isonondiff.c
         isonondiff.c
     1>c:\users\pinak\documents\visual studio 2013\projects\dic\dic\isonondiff.c(300): warning C4244: '=' : conversion from 'double' to 'float', possible loss of data
     1>c:\users\pinak\documents\visual studio 2013\projects\dic\dic\isonondiff.c(386): warning C4244: '=' : conversion from 'double' to 'float', possible loss of data
     1>c:\users\pinak\documents\visual studio 2013\projects\dic\dic\isonondiff.c(391): warning C4244: '=' : conversion from 'double' to 'float', possible loss of data
     1>c:\users\pinak\documents\visual studio 2013\projects\dic\dic\isonondiff.c(459): warning C4244: '=' : conversion from 'double' to 'float', possible loss of data
     1>c:\users\pinak\documents\visual studio 2013\projects\dic\dic\isonondiff.c(464): warning C4244: '=' : conversion from 'double' to 'float', possible loss of data
     1>c:\users\pinak\documents\visual studio 2013\projects\dic\dic\isonondiff.c(569): warning C4244: '=' : conversion from 'double' to 'float', possible loss of data
     1>c:\users\pinak\documents\visual studio 2013\projects\dic\dic\isonondiff.c(570): warning C4244: '=' : conversion from 'double' to 'float', possible loss of data
     1>c:\users\pinak\documents\visual studio 2013\projects\dic\dic\isonondiff.c(583): warning C4244: '=' : conversion from 'double' to 'float', possible loss of data
     1>c:\users\pinak\documents\visual studio 2013\projects\dic\dic\isonondiff.c(594): warning C4244: '=' : conversion from 'double' to 'float', possible loss of data
     1>c:\users\pinak\documents\visual studio 2013\projects\dic\dic\isonondiff.c(613): warning C4244: '=' : conversion from 'double' to 'float', possible loss of data
     1>c:\users\pinak\documents\visual studio 2013\projects\dic\dic\isonondiff.c(614): warning C4244: '=' : conversion from 'double' to 'float', possible loss of data
     1>c:\users\pinak\documents\visual studio 2013\projects\dic\dic\isonondiff.c(673): warning C4244: '=' : conversion from 'double' to 'float', possible loss of data
       Link:
         C:\Program Files (x86)\Microsoft Visual Studio 12.0\VC\bin\link.exe /ERRORREPORT:PROMPT /OUT:"C:\Users\Pinak\Documents\Visual Studio 2013\Projects\DIC\Debug\DIC.exe" /INCREMENTAL /NOLOGO kernel32.lib user32.lib gdi32.lib winspool.lib comdlg32.lib advapi32.lib shell32.lib ole32.lib oleaut32.lib uuid.lib odbc32.lib odbccp32.lib /MANIFEST /MANIFESTUAC:"level='asInvoker' uiAccess='false'" /manifest:embed /DEBUG /PDB:"C:\Users\Pinak\Documents\Visual Studio 2013\Projects\DIC\Debug\DIC.pdb" /TLBID:1 /DYNAMICBASE /NXCOMPAT /IMPLIB:"C:\Users\Pinak\Documents\Visual Studio 2013\Projects\DIC\Debug\DIC.lib" /MACHINE:X86 Debug\isonondiff.obj
         DIC.vcxproj -> C:\Users\Pinak\Documents\Visual Studio 2013\Projects\DIC\Debug\DIC.exe
     1>Done Building Project "C:\Users\Pinak\Documents\Visual Studio 2013\Projects\DIC\DIC\DIC.vcxproj" (Build target(s)).

Build succeeded.

Time Elapsed 00:00:00.42
